SF:lib\app\shared_prefs\token_shared_prefs.dart
DA:6,0
DA:9,0
DA:10,0
DA:14,0
DA:15,0
DA:19,0
DA:21,0
DA:22,0
DA:23,0
DA:24,0
DA:28,0
DA:29,0
DA:33,0
DA:34,0
DA:35,0
DA:36,0
DA:37,0
DA:38,0
DA:39,0
DA:44,0
DA:45,0
LF:21
LH:0
end_of_record
SF:lib\core\error\failure.dart
DA:6,14
DA:8,0
DA:9,0
DA:13,0
DA:18,14
DA:25,9
LF:6
LH:3
end_of_record
SF:lib\features\auth\domain\use_case\login_user_usecase.dart
DA:13,3
DA:19,0
DA:23,0
DA:24,0
DA:31,1
DA:33,1
DA:35,4
DA:40,4
DA:42,1
DA:43,2
DA:44,1
DA:45,2
DA:49,1
DA:51,1
DA:52,1
DA:54,1
DA:55,1
DA:57,1
DA:58,1
DA:60,1
DA:61,1
DA:63,1
DA:64,1
DA:68,2
DA:70,2
DA:72,1
LF:26
LH:23
end_of_record
SF:lib\features\news_details\presentation\view\news_details_view.dart
DA:9,1
DA:11,1
DA:12,1
DA:18,1
DA:20,1
DA:21,1
DA:24,1
DA:25,1
DA:26,2
DA:27,2
DA:28,5
DA:32,1
DA:33,1
DA:34,2
DA:35,3
DA:37,2
DA:38,1
DA:39,1
DA:41,1
DA:43,2
DA:46,1
DA:49,1
DA:51,3
DA:52,1
DA:54,1
DA:55,1
DA:59,1
DA:60,1
DA:61,1
DA:64,1
DA:66,1
DA:67,1
DA:68,1
DA:69,1
DA:70,3
DA:74,1
DA:81,1
DA:82,3
DA:83,1
DA:90,1
DA:91,4
DA:93,1
DA:96,1
DA:97,3
DA:98,1
DA:104,1
DA:105,3
DA:106,1
DA:112,1
DA:114,1
DA:115,1
DA:116,1
DA:117,1
DA:119,0
DA:121,1
DA:123,0
DA:127,1
DA:128,1
DA:129,1
DA:133,1
DA:144,1
DA:145,1
DA:146,1
DA:147,1
DA:148,1
DA:150,1
DA:151,1
DA:157,1
DA:158,0
DA:159,1
DA:160,1
DA:165,1
DA:167,1
LF:73
LH:70
end_of_record
SF:lib\features\category\domain\entity\category_entity.dart
DA:8,1
DA:13,0
DA:18,1
DA:20,4
LF:4
LH:3
end_of_record
SF:lib\features\category\domain\use_case\get_all_category_usecase.dart
DA:11,0
DA:13,0
DA:15,0
DA:17,0
DA:18,0
DA:19,0
DA:20,0
DA:21,0
DA:22,0
LF:9
LH:0
end_of_record
SF:lib\features\dashboard\domain\entity\news_entity.dart
DA:12,1
DA:21,1
DA:22,1
DA:23,1
DA:24,1
DA:25,1
DA:26,1
DA:27,1
DA:28,1
LF:9
LH:9
end_of_record
SF:lib\features\dashboard\domain\use_case\get_all_news_usecase.dart
DA:10,0
DA:12,0
DA:14,0
DA:16,0
DA:17,0
DA:18,0
DA:19,0
DA:20,0
DA:21,0
LF:9
LH:0
end_of_record
SF:lib\features\dashboard\presentation\bloc\dashboard_bloc.dart
DA:16,1
DA:21,2
DA:22,2
DA:23,2
DA:24,2
DA:27,2
DA:28,2
DA:32,1
DA:33,3
DA:35,2
DA:37,1
DA:38,1
DA:39,3
DA:40,4
DA:42,1
DA:43,3
DA:44,3
DA:50,1
DA:52,3
DA:54,2
DA:56,1
DA:57,1
DA:58,3
DA:59,4
DA:61,1
DA:62,3
DA:65,3
DA:71,0
DA:73,0
DA:74,0
DA:78,0
DA:79,0
DA:80,0
DA:81,0
DA:82,0
DA:84,0
LF:36
LH:27
end_of_record
SF:lib\features\dashboard\presentation\bloc\dashboard_event.dart
DA:4,1
DA:6,0
DA:7,0
DA:22,0
DA:24,0
DA:25,0
LF:6
LH:1
end_of_record
SF:lib\features\dashboard\presentation\bloc\dashboard_state.dart
DA:9,12
DA:16,1
DA:24,1
DA:30,1
DA:31,1
DA:32,1
DA:33,0
DA:38,1
DA:39,5
LF:9
LH:8
end_of_record
SF:lib\features\search\presentation\view\search_view.dart
DA:8,9
DA:10,1
DA:11,1
DA:18,1
DA:20,3
DA:21,1
DA:24,1
DA:26,1
DA:27,1
DA:28,1
DA:30,1
DA:31,1
DA:32,1
DA:34,1
DA:36,1
DA:37,1
DA:38,1
DA:40,2
DA:49,1
DA:51,1
DA:52,0
DA:55,3
DA:56,1
DA:57,1
DA:58,3
DA:59,1
DA:61,1
DA:67,1
DA:68,1
DA:69,1
DA:70,2
DA:83,1
DA:84,1
DA:86,1
DA:89,1
DA:90,1
DA:91,1
DA:92,1
DA:98,1
DA:99,1
DA:100,1
DA:101,1
DA:102,1
DA:109,1
DA:110,2
DA:111,1
DA:116,1
DA:118,0
DA:125,1
DA:126,1
DA:127,0
DA:128,1
DA:130,1
DA:131,2
DA:132,1
DA:134,1
DA:135,1
DA:140,1
DA:141,2
DA:145,2
DA:152,1
DA:153,1
DA:154,1
DA:155,1
DA:157,1
DA:158,1
DA:159,1
DA:162,1
DA:168,1
DA:169,4
DA:170,1
DA:172,1
DA:185,0
DA:186,0
DA:187,0
DA:188,0
DA:189,0
DA:190,0
DA:191,0
DA:192,0
DA:193,0
DA:194,0
DA:195,0
LF:83
LH:69
end_of_record
SF:lib\features\auth\domain\entity\auth_entity.dart
DA:11,6
DA:19,0
DA:20,0
LF:3
LH:1
end_of_record
SF:lib\features\auth\domain\use_case\register_user_usecase.dart
DA:13,3
DA:22,0
DA:29,0
DA:30,0
DA:36,1
DA:38,1
DA:39,1
DA:40,1
DA:41,1
DA:42,1
DA:43,1
DA:45,2
LF:12
LH:9
end_of_record
SF:lib\features\auth\domain\use_case\upload_image_usecase.dart
DA:11,1
DA:20,1
DA:22,1
DA:24,3
LF:4
LH:4
end_of_record
SF:lib\features\auth\presentation\view\login_view.dart
DA:7,9
DA:9,1
DA:10,1
DA:19,1
DA:21,3
DA:22,1
DA:24,1
DA:25,1
DA:26,1
DA:27,1
DA:28,1
DA:29,1
DA:30,1
DA:32,1
DA:35,1
DA:37,1
DA:39,1
DA:45,1
DA:47,1
DA:56,1
DA:57,1
DA:59,1
DA:60,1
DA:61,1
DA:63,1
DA:64,1
DA:71,1
DA:72,1
DA:77,1
DA:78,1
DA:79,1
DA:80,1
DA:82,1
DA:83,1
DA:89,1
DA:90,1
DA:91,1
DA:96,0
DA:97,0
DA:98,0
DA:103,1
DA:104,1
DA:109,1
DA:111,1
DA:112,0
DA:124,1
DA:126,1
DA:127,1
DA:128,3
DA:129,2
DA:130,1
DA:132,2
DA:133,2
DA:138,1
DA:140,1
DA:141,1
DA:143,1
DA:146,1
DA:148,1
DA:165,1
DA:167,1
DA:168,1
DA:170,1
DA:177,1
DA:179,1
DA:181,1
DA:182,0
DA:183,0
DA:185,0
DA:186,0
DA:211,1
DA:212,1
DA:213,0
DA:216,1
DA:219,1
DA:225,1
DA:226,1
DA:229,2
DA:235,1
DA:236,1
LF:80
LH:71
end_of_record
SF:lib\features\auth\presentation\view_model\login\login_state.dart
DA:7,2
DA:12,2
DA:13,2
DA:19,1
DA:23,1
DA:24,0
DA:25,1
LF:7
LH:6
end_of_record
SF:lib\features\auth\presentation\view_model\login\login_event.dart
DA:4,2
DA:6,0
DA:7,0
DA:14,0
DA:24,1
DA:35,2
LF:6
LH:3
end_of_record
SF:lib\features\auth\presentation\view_model\login\login_bloc.dart
DA:18,1
DA:25,2
DA:26,1
DA:27,0
DA:28,0
DA:29,0
DA:30,0
DA:31,0
DA:32,0
DA:33,0
DA:35,0
DA:42,1
DA:43,1
DA:44,1
DA:45,1
DA:46,1
DA:47,2
DA:48,1
DA:49,1
DA:56,1
DA:57,1
DA:58,3
DA:59,2
DA:60,1
DA:61,1
DA:62,1
DA:66,1
DA:67,1
DA:68,3
DA:69,1
DA:70,1
DA:75,1
DA:76,3
DA:77,1
DA:78,1
DA:79,1
LF:36
LH:28
end_of_record
SF:lib\app\constants\api_endpoints.dart
DA:2,0
LF:1
LH:0
end_of_record
SF:lib\app\constants\hive_table_constant.dart
DA:2,0
LF:1
LH:0
end_of_record
SF:lib\app\di\di.dart
DA:27,0
DA:29,0
DA:31,0
DA:32,0
DA:33,0
DA:34,0
DA:35,0
DA:36,0
DA:37,0
DA:38,0
DA:39,0
DA:42,0
DA:43,0
DA:44,0
DA:47,0
DA:49,0
DA:50,0
DA:54,0
DA:55,0
DA:58,0
DA:60,0
DA:63,0
DA:64,0
DA:67,0
DA:70,0
DA:71,0
DA:74,0
DA:75,0
DA:80,0
DA:81,0
DA:83,0
DA:84,0
DA:88,0
DA:89,0
DA:90,0
DA:94,0
DA:95,0
DA:96,0
DA:100,0
DA:101,0
DA:102,0
DA:103,0
DA:108,0
DA:110,0
DA:111,0
DA:114,0
DA:115,0
DA:116,0
DA:117,0
DA:121,0
DA:122,0
DA:123,0
DA:124,0
DA:125,0
DA:129,0
DA:130,0
DA:131,0
DA:135,0
DA:138,0
DA:139,0
DA:140,0
DA:144,0
DA:145,0
DA:146,0
DA:150,0
DA:151,0
DA:152,0
DA:155,0
DA:156,0
DA:157,0
DA:163,0
DA:164,0
DA:167,0
DA:168,0
DA:169,0
DA:173,0
DA:174,0
DA:175,0
DA:177,0
LF:79
LH:0
end_of_record
SF:lib\core\network\api_service.dart
DA:9,0
DA:11,0
DA:12,0
DA:13,0
DA:14,0
DA:15,0
DA:16,0
DA:17,0
DA:19,0
LF:9
LH:0
end_of_record
SF:lib\core\network\hive_service.dart
DA:7,0
DA:9,0
DA:10,0
DA:12,0
DA:16,0
DA:17,0
DA:18,0
DA:21,0
DA:22,0
DA:23,0
DA:26,0
DA:27,0
DA:28,0
DA:32,0
DA:33,0
DA:34,0
DA:35,0
DA:36,0
DA:37,0
DA:38,0
DA:43,0
DA:44,0
DA:47,0
DA:48,0
LF:24
LH:0
end_of_record
SF:lib\features\auth\data\data_source\local_data_source\auth_local_datasource.dart
DA:11,0
DA:13,0
DA:16,0
DA:24,0
DA:27,0
DA:28,0
DA:30,0
DA:34,0
DA:38,0
DA:40,0
DA:41,0
DA:43,0
DA:47,0
DA:49,0
LF:14
LH:0
end_of_record
SF:lib\features\auth\data\data_source\remote_data_source\auth_remote_datasource.dart
DA:11,0
DA:13,0
DA:16,0
DA:18,0
DA:19,0
DA:20,0
DA:21,0
DA:22,0
DA:23,0
DA:28,0
DA:31,0
DA:33,0
DA:34,0
DA:36,0
DA:40,0
DA:43,0
DA:46,0
DA:49,0
DA:51,0
DA:52,0
DA:59,0
DA:60,0
DA:63,0
DA:65,0
DA:66,0
DA:68,0
DA:72,0
DA:75,0
DA:76,0
DA:77,0
DA:78,0
DA:79,0
DA:85,0
DA:90,0
DA:92,0
DA:96,0
DA:98,0
DA:99,0
DA:101,0
LF:39
LH:0
end_of_record
SF:lib\features\auth\data\repository\auth_local_repository\auth_local_repository.dart
DA:12,0
DA:14,0
DA:17,0
DA:18,0
DA:20,0
DA:24,0
DA:30,0
DA:31,0
DA:33,0
DA:37,0
DA:40,0
DA:42,0
DA:46,0
DA:49,0
LF:14
LH:0
end_of_record
SF:lib\features\auth\data\repository\auth_remote_repository\auth_remote_repository.dart
DA:12,0
DA:14,0
DA:17,0
DA:20,0
DA:24,0
DA:27,0
DA:30,0
DA:34,0
DA:35,0
DA:37,0
DA:41,0
DA:44,0
DA:45,0
DA:47,0
LF:14
LH:0
end_of_record
SF:lib\features\auth\presentation\view_model\signup\signup_event.dart
DA:4,1
DA:6,0
DA:7,0
DA:15,0
DA:27,1
LF:5
LH:2
end_of_record
SF:lib\features\auth\presentation\view_model\signup\signup_state.dart
DA:8,1
DA:14,5
DA:19,1
DA:24,1
DA:25,0
DA:26,1
DA:27,1
DA:31,1
DA:32,4
LF:9
LH:8
end_of_record
SF:lib\features\auth\presentation\view_model\signup\signup_bloc.dart
DA:17,1
DA:22,1
DA:24,2
DA:25,2
DA:28,1
DA:32,3
DA:33,3
DA:34,1
DA:35,1
DA:36,2
DA:37,1
DA:40,1
DA:41,4
DA:42,1
DA:43,3
DA:44,1
DA:45,1
DA:50,0
DA:54,0
DA:55,0
DA:56,0
DA:57,0
DA:61,0
DA:62,0
DA:63,0
DA:64,0
LF:26
LH:17
end_of_record
SF:lib\features\category\data\data_source\remote_datasource\category_remote_data_source.dart
DA:10,0
DA:12,0
DA:15,0
DA:16,0
DA:17,0
DA:19,0
DA:20,0
DA:22,0
DA:24,0
DA:25,0
DA:27,0
LF:11
LH:0
end_of_record
SF:lib\features\category\data\repository\category_remote_repository.dart
DA:10,0
DA:12,0
DA:15,0
DA:16,0
DA:17,0
DA:19,0
DA:20,0
DA:21,0
LF:8
LH:0
end_of_record
SF:lib\features\dashboard\data\data_source\remote_datasource\news_remote_datasource.dart
DA:11,0
DA:15,0
DA:18,0
DA:20,0
DA:22,0
DA:24,0
DA:26,0
DA:27,0
DA:30,0
DA:31,0
DA:33,0
DA:36,0
DA:38,0
DA:39,0
DA:41,0
DA:45,0
DA:48,0
DA:51,0
DA:54,0
LF:19
LH:0
end_of_record
SF:lib\features\dashboard\data\repository\news_remote_repository.dart
DA:10,0
DA:12,0
DA:15,0
DA:18,0
DA:21,0
DA:24,0
DA:27,0
DA:28,0
DA:30,0
DA:31,0
DA:32,0
LF:11
LH:0
end_of_record
SF:lib\features\home\presentation\view_model\home_cubit.dart
DA:9,0
DA:11,0
DA:12,0
DA:15,0
DA:17,0
DA:18,0
DA:19,0
DA:21,0
DA:22,0
DA:23,0
LF:10
LH:0
end_of_record
SF:lib\features\onboarding\presentation\view_model\onboarding_cubit.dart
DA:10,0
DA:12,0
DA:13,0
DA:14,0
DA:15,0
DA:22,0
DA:23,0
DA:24,0
DA:27,0
DA:28,0
DA:29,0
DA:30,0
DA:35,0
DA:37,0
DA:38,0
LF:15
LH:0
end_of_record
SF:lib\features\splash\presentation\view_model\splash_cubit.dart
DA:7,0
DA:11,0
DA:12,0
DA:15,0
DA:16,0
DA:18,0
DA:19,0
DA:20,0
LF:8
LH:0
end_of_record
SF:lib\core\common\snackbar\my_snackbar.dart
DA:3,2
DA:8,2
DA:10,2
DA:11,2
DA:12,2
LF:5
LH:5
end_of_record
SF:lib\core\network\dio_error_interceptor.dart
DA:4,0
DA:6,0
DA:8,0
DA:9,0
DA:10,0
DA:11,0
DA:12,0
DA:13,0
DA:16,0
DA:17,0
DA:18,0
DA:20,0
DA:25,0
DA:26,0
DA:28,0
DA:31,0
LF:16
LH:0
end_of_record
SF:lib\features\auth\data\model\auth_hive_model.dart
DA:21,0
DA:26,0
DA:29,4
DA:36,0
DA:37,0
DA:38,0
DA:39,0
DA:40,0
DA:41,0
DA:46,0
DA:47,0
DA:48,0
DA:49,0
DA:50,0
DA:51,0
DA:55,0
DA:56,0
LF:17
LH:1
end_of_record
SF:lib\features\auth\data\model\auth_hive_model.g.dart
DA:13,0
DA:15,0
DA:16,0
DA:17,0
DA:19,0
DA:20,0
DA:21,0
DA:22,0
DA:23,0
DA:27,0
DA:30,0
DA:31,0
DA:32,0
DA:33,0
DA:34,0
DA:35,0
DA:36,0
DA:37,0
DA:38,0
DA:41,0
DA:42,0
DA:44,0
DA:47,0
DA:48,0
DA:49,0
LF:25
LH:0
end_of_record
SF:lib\features\auth\presentation\view\register_view.dart
DA:10,5
DA:12,1
DA:13,1
DA:29,0
DA:30,0
DA:31,0
DA:32,0
DA:36,0
DA:38,0
DA:40,0
DA:41,0
DA:42,0
DA:43,0
DA:48,0
DA:52,1
DA:54,3
DA:55,3
DA:56,1
DA:58,1
DA:60,1
DA:61,1
DA:63,0
DA:64,0
DA:70,1
DA:71,1
DA:72,1
DA:73,1
DA:75,1
DA:76,1
DA:77,1
DA:79,1
DA:80,1
DA:81,0
DA:82,0
DA:84,0
DA:86,0
DA:88,0
DA:89,0
DA:90,0
DA:91,0
DA:92,0
DA:97,0
DA:98,0
DA:99,0
DA:100,0
DA:110,1
DA:112,1
DA:113,0
DA:118,1
DA:119,1
DA:121,1
DA:127,1
DA:128,2
DA:129,1
DA:130,1
DA:131,2
DA:132,1
DA:133,1
DA:134,1
DA:135,2
DA:136,0
DA:137,0
DA:140,1
DA:141,2
DA:142,1
DA:143,0
DA:144,0
DA:147,1
DA:148,1
DA:150,1
DA:151,0
DA:152,0
DA:153,0
DA:154,0
DA:155,0
DA:156,0
DA:158,0
DA:159,0
DA:160,0
DA:166,1
DA:168,1
DA:169,1
DA:172,1
DA:174,1
DA:176,1
DA:183,1
DA:184,1
DA:186,1
DA:188,1
DA:189,0
DA:190,0
DA:209,1
DA:216,1
DA:218,1
DA:220,2
DA:221,1
DA:223,1
DA:228,1
DA:235,1
DA:238,1
DA:240,2
DA:242,1
DA:243,1
DA:248,1
DA:250,3
DA:254,0
DA:255,0
DA:256,0
DA:257,0
DA:258,0
DA:261,0
DA:264,0
DA:265,0
LF:113
LH:63
end_of_record
SF:lib\features\home\presentation\view\home_view.dart
DA:12,4
DA:14,1
DA:15,1
DA:25,1
DA:27,1
DA:29,3
DA:32,0
DA:35,0
DA:36,0
DA:38,0
DA:39,0
DA:44,0
DA:46,0
DA:47,0
DA:53,1
DA:55,2
DA:56,1
DA:59,1
DA:61,1
DA:62,1
DA:63,1
DA:65,1
DA:67,1
DA:68,1
DA:85,1
DA:87,1
DA:90,0
DA:91,0
DA:96,0
DA:100,1
DA:102,1
DA:105,0
DA:112,1
DA:113,0
DA:114,0
DA:117,1
DA:118,0
DA:119,0
DA:142,0
DA:143,0
DA:144,0
LF:41
LH:22
end_of_record
SF:lib\features\category\data\model\category_api_model.dart
DA:14,0
DA:20,0
DA:26,0
DA:27,0
DA:28,0
DA:29,0
DA:30,0
DA:35,0
DA:36,0
DA:37,0
DA:38,0
DA:39,0
DA:44,0
DA:45,0
DA:46,0
DA:47,0
DA:51,0
DA:52,0
DA:53,0
DA:57,0
DA:58,0
DA:60,0
DA:61,0
DA:62,0
DA:63,0
DA:64,0
LF:26
LH:0
end_of_record
SF:lib\features\category\data\model\category_api_model.g.dart
DA:9,0
DA:10,0
DA:11,0
DA:12,0
DA:13,0
DA:16,0
DA:17,0
DA:18,0
DA:19,0
DA:20,0
LF:10
LH:0
end_of_record
SF:lib\features\dashboard\data\dto\get_all_news_dto.dart
DA:12,0
DA:18,0
DA:20,0
DA:21,0
LF:4
LH:0
end_of_record
SF:lib\features\dashboard\data\dto\get_all_news_dto.g.dart
DA:9,0
DA:10,0
DA:11,0
DA:12,0
DA:13,0
DA:14,0
DA:15,0
DA:18,0
DA:19,0
DA:20,0
DA:21,0
DA:22,0
LF:12
LH:0
end_of_record
SF:lib\features\dashboard\data\model\news_api_model.dart
DA:28,0
DA:38,0
DA:39,0
DA:42,0
DA:45,0
DA:46,0
DA:47,0
DA:48,0
DA:49,0
DA:50,0
DA:51,0
DA:52,0
DA:57,0
DA:58,0
DA:59,0
DA:60,0
DA:61,0
DA:63,0
DA:64,0
DA:65,0
DA:66,0
DA:71,0
DA:72,0
DA:75,0
DA:76,0
DA:77,0
DA:78,0
DA:79,0
DA:80,0
DA:81,0
DA:82,0
LF:31
LH:0
end_of_record
SF:lib\features\dashboard\data\model\news_api_model.g.dart
DA:9,0
DA:10,0
DA:11,0
DA:13,0
DA:14,0
DA:15,0
DA:16,0
DA:17,0
DA:18,0
DA:21,0
DA:22,0
DA:23,0
DA:24,0
DA:25,0
DA:26,0
DA:27,0
DA:28,0
LF:17
LH:0
end_of_record
SF:lib\features\dashboard\presentation\view\dashboard_view.dart
DA:14,4
DA:16,0
DA:17,0
DA:34,0
DA:36,0
DA:38,0
DA:39,0
DA:42,0
DA:44,0
DA:45,0
DA:46,0
DA:47,0
DA:52,0
DA:54,0
DA:55,0
DA:58,0
DA:61,0
DA:62,0
DA:63,0
DA:66,0
DA:68,0
DA:69,0
DA:70,0
DA:71,0
DA:72,0
DA:73,0
DA:74,0
DA:76,0
DA:77,0
DA:80,0
DA:81,0
DA:82,0
DA:83,0
DA:84,0
DA:85,0
DA:86,0
DA:88,0
DA:93,0
DA:94,0
DA:96,0
DA:98,0
DA:99,0
DA:100,0
DA:101,0
DA:102,0
DA:109,0
DA:114,0
DA:115,0
DA:117,0
DA:118,0
DA:125,0
DA:126,0
DA:127,0
DA:128,0
DA:130,0
DA:131,0
DA:134,0
DA:136,0
DA:138,0
DA:140,0
DA:142,0
DA:144,0
DA:145,0
DA:153,0
DA:154,0
DA:156,0
DA:157,0
DA:158,0
DA:159,0
DA:162,0
DA:163,0
DA:165,0
DA:167,0
DA:170,0
DA:172,0
DA:173,0
DA:182,0
DA:183,0
DA:185,0
DA:187,0
DA:188,0
DA:189,0
DA:190,0
DA:191,0
DA:192,0
DA:193,0
DA:194,0
DA:204,0
DA:206,0
DA:208,0
DA:210,0
DA:212,0
DA:213,0
DA:216,0
DA:219,0
DA:222,0
DA:228,0
DA:229,0
DA:230,0
DA:237,0
DA:238,0
DA:239,0
DA:240,0
DA:242,0
DA:243,0
DA:245,0
DA:246,0
DA:249,0
DA:250,0
DA:254,0
DA:261,0
DA:263,0
DA:264,0
DA:277,0
DA:278,0
DA:279,0
DA:280,0
DA:281,0
DA:282,0
DA:283,0
DA:284,0
DA:285,0
DA:286,0
DA:287,0
LF:124
LH:1
end_of_record
SF:lib\features\myprofile\presentation\view\myprofile_view.dart
DA:12,8
DA:14,0
DA:15,0
DA:29,0
DA:31,0
DA:32,0
DA:35,0
DA:37,0
DA:40,0
DA:41,0
DA:42,0
DA:43,0
DA:48,0
DA:50,0
DA:51,0
DA:52,0
DA:53,0
DA:54,0
DA:55,0
DA:56,0
DA:62,0
DA:64,0
DA:65,0
DA:68,0
DA:69,0
DA:70,0
DA:71,0
DA:72,0
DA:73,0
DA:74,0
DA:75,0
DA:79,0
DA:80,0
DA:81,0
DA:82,0
DA:83,0
DA:84,0
DA:87,0
DA:88,0
DA:91,0
DA:93,0
DA:94,0
DA:96,0
DA:98,0
DA:99,0
DA:100,0
DA:101,0
DA:105,0
DA:106,0
DA:107,0
DA:108,0
DA:109,0
DA:112,0
DA:113,0
DA:118,0
DA:119,0
DA:120,0
DA:121,0
DA:126,0
DA:127,0
DA:128,0
DA:133,0
DA:134,0
DA:135,0
DA:136,0
DA:137,0
DA:140,0
DA:141,0
DA:143,0
DA:144,0
DA:146,0
DA:147,0
DA:151,0
DA:155,0
DA:159,0
DA:163,0
DA:167,0
DA:171,0
DA:175,0
DA:178,0
LF:80
LH:1
end_of_record
SF:lib\features\saved\presentation\view\saved_view.dart
DA:8,8
DA:10,0
DA:11,0
DA:17,0
DA:19,0
DA:20,0
DA:24,0
DA:25,0
DA:26,0
DA:27,0
DA:28,0
DA:29,0
DA:30,0
DA:35,0
DA:36,0
DA:37,0
DA:38,0
DA:39,0
DA:40,0
DA:41,0
DA:45,0
DA:46,0
DA:47,0
DA:48,0
DA:49,0
DA:54,0
DA:56,0
DA:57,0
DA:59,0
DA:60,0
DA:62,0
DA:63,0
DA:65,0
DA:66,0
DA:67,0
DA:68,0
DA:69,0
DA:71,0
DA:72,0
DA:73,0
DA:74,0
DA:75,0
DA:76,0
DA:77,0
DA:78,0
DA:79,0
DA:83,0
DA:90,0
DA:91,0
DA:94,0
DA:96,0
DA:97,0
DA:98,0
DA:100,0
DA:101,0
DA:103,0
DA:105,0
LF:57
LH:1
end_of_record
SF:lib\features\home\presentation\view_model\home_state.dart
DA:18,0
DA:24,0
DA:25,0
DA:27,0
DA:28,0
DA:29,0
DA:30,0
DA:34,0
DA:35,0
DA:38,0
DA:39,0
DA:42,0
DA:43,0
DA:44,0
DA:52,0
DA:56,0
DA:57,0
DA:58,0
DA:62,0
DA:63,0
LF:20
LH:0
end_of_record
SF:lib\features\myprofile\presentation\bloc\myprofile_bloc.dart
DA:8,0
DA:9,0
LF:2
LH:0
end_of_record
SF:lib\features\myprofile\presentation\bloc\myprofile_event.dart
DA:4,0
DA:6,0
DA:7,0
LF:3
LH:0
end_of_record
SF:lib\features\myprofile\presentation\bloc\myprofile_state.dart
DA:4,0
DA:6,0
DA:7,0
LF:3
LH:0
end_of_record
SF:lib\features\saved\presentation\bloc\saved_event.dart
DA:4,0
DA:6,0
DA:7,0
LF:3
LH:0
end_of_record
SF:lib\features\saved\presentation\bloc\saved_state.dart
DA:4,0
DA:6,0
DA:7,0
LF:3
LH:0
end_of_record
SF:lib\features\saved\presentation\bloc\saved_bloc.dart
DA:8,0
DA:9,0
LF:2
LH:0
end_of_record
SF:lib\features\search\presentation\bloc\search_bloc.dart
DA:8,0
DA:9,0
LF:2
LH:0
end_of_record
SF:lib\features\search\presentation\bloc\search_state.dart
DA:4,0
DA:6,0
DA:7,0
LF:3
LH:0
end_of_record
SF:lib\features\search\presentation\bloc\search_event.dart
DA:4,0
DA:6,0
DA:7,0
LF:3
LH:0
end_of_record
SF:lib\features\myprofile\presentation\view\editprofile_view.dart
DA:6,4
DA:8,0
DA:9,0
DA:20,0
DA:22,0
DA:23,0
DA:26,0
DA:27,0
DA:28,0
DA:30,0
DA:32,0
DA:33,0
DA:34,0
DA:35,0
DA:39,0
DA:40,0
DA:41,0
DA:42,0
DA:45,0
DA:46,0
DA:47,0
DA:49,0
DA:53,0
DA:58,0
DA:62,0
DA:63,0
DA:66,0
DA:69,0
DA:70,0
DA:76,0
DA:77,0
DA:79,0
DA:80,0
DA:81,0
DA:82,0
DA:83,0
DA:84,0
DA:86,0
DA:87,0
DA:90,0
DA:91,0
DA:92,0
DA:99,0
DA:100,0
DA:101,0
DA:103,0
DA:104,0
DA:108,0
DA:109,0
DA:110,0
DA:114,0
DA:115,0
DA:116,0
DA:118,0
DA:119,0
DA:123,0
DA:127,0
DA:129,0
DA:130,0
DA:131,0
DA:133,0
DA:134,0
DA:136,0
DA:138,0
DA:140,0
LF:65
LH:1
end_of_record
SF:lib\features\onboarding\presentation\view\on_board_model.dart
DA:7,0
DA:15,0
DA:16,0
DA:21,0
DA:26,0
LF:5
LH:0
end_of_record
SF:lib\features\onboarding\presentation\view\onboarding_view.dart
DA:7,4
DA:9,0
DA:11,0
DA:12,0
DA:13,0
DA:14,0
DA:22,0
DA:23,0
DA:24,0
DA:25,0
DA:26,0
DA:27,0
DA:28,0
DA:29,0
DA:30,0
DA:31,0
DA:32,0
DA:33,0
DA:34,0
DA:36,0
DA:38,0
DA:39,0
DA:40,0
DA:44,0
DA:45,0
DA:52,0
DA:53,0
DA:66,0
DA:67,0
DA:68,0
DA:70,0
DA:71,0
DA:72,0
DA:76,0
DA:78,0
DA:87,0
DA:89,0
DA:90,0
DA:91,0
DA:92,0
DA:94,0
DA:96,0
DA:97,0
DA:98,0
DA:99,0
DA:100,0
DA:102,0
DA:103,0
DA:113,0
DA:114,0
DA:115,0
DA:116,0
DA:118,0
DA:121,0
DA:123,0
DA:124,0
DA:128,0
DA:129,0
LF:58
LH:1
end_of_record
